INFO [2021-08-19 21:43:47] [[1]]
INFO [2021-08-19 21:43:47] c5
INFO [2021-08-19 21:43:47] 
INFO [2021-08-19 21:43:47] $filename
INFO [2021-08-19 21:43:47] paste0(out, "_", cnames[5], ".png")
INFO [2021-08-19 21:43:47] 
INFO [2021-08-19 21:43:47] $height
INFO [2021-08-19 21:43:47] [1] 280
INFO [2021-08-19 21:43:47] 
INFO [2021-08-19 21:43:47] $width
INFO [2021-08-19 21:43:47] [1] 350
INFO [2021-08-19 21:43:47] 
INFO [2021-08-19 21:43:47] $margin
INFO [2021-08-19 21:43:47] [1] 0.05
INFO [2021-08-19 21:43:47] 
INFO [2021-08-19 21:43:47] $fill
INFO [2021-08-19 21:43:47] c(0)
INFO [2021-08-19 21:43:47] 
INFO [2021-08-19 21:43:47] $alpha
INFO [2021-08-19 21:43:47] [1] 0.4
INFO [2021-08-19 21:43:47] 
INFO [2021-08-19 21:43:47] $lwd
INFO [2021-08-19 21:43:47] [1] 0.5
INFO [2021-08-19 21:43:47] 
INFO [2021-08-19 21:43:47] $lty
INFO [2021-08-19 21:43:47] [1] 1
INFO [2021-08-19 21:43:47] 
INFO [2021-08-19 21:43:47] $resolution
INFO [2021-08-19 21:43:47] [1] 300
INFO [2021-08-19 21:43:47] 
INFO [2021-08-19 21:43:47] $fontfamily
INFO [2021-08-19 21:43:47] [1] "Helvetica"
INFO [2021-08-19 21:43:47] 
INFO [2021-08-19 21:43:47] $cat.fontfamily
INFO [2021-08-19 21:43:47] [1] "Helvetica"
INFO [2021-08-19 21:43:47] 
INFO [2021-08-19 21:43:47] $cex
INFO [2021-08-19 21:43:47] [1] 0.35
INFO [2021-08-19 21:43:47] 
INFO [2021-08-19 21:43:47] $cat.cex
INFO [2021-08-19 21:43:47] [1] 0.35
INFO [2021-08-19 21:43:47] 
