INFO [2021-08-19 21:39:44] [[1]]
INFO [2021-08-19 21:39:44] c1
INFO [2021-08-19 21:39:44] 
INFO [2021-08-19 21:39:44] $filename
INFO [2021-08-19 21:39:44] paste0(out, "_", cname, ".png")
INFO [2021-08-19 21:39:44] 
INFO [2021-08-19 21:39:44] $height
INFO [2021-08-19 21:39:44] [1] 280
INFO [2021-08-19 21:39:44] 
INFO [2021-08-19 21:39:44] $width
INFO [2021-08-19 21:39:44] [1] 350
INFO [2021-08-19 21:39:44] 
INFO [2021-08-19 21:39:44] $margin
INFO [2021-08-19 21:39:44] [1] 0.05
INFO [2021-08-19 21:39:44] 
INFO [2021-08-19 21:39:44] $fill
INFO [2021-08-19 21:39:44] c(0)
INFO [2021-08-19 21:39:44] 
INFO [2021-08-19 21:39:44] $alpha
INFO [2021-08-19 21:39:44] [1] 0.4
INFO [2021-08-19 21:39:44] 
INFO [2021-08-19 21:39:44] $lwd
INFO [2021-08-19 21:39:44] [1] 0.5
INFO [2021-08-19 21:39:44] 
INFO [2021-08-19 21:39:44] $lty
INFO [2021-08-19 21:39:44] [1] 1
INFO [2021-08-19 21:39:44] 
INFO [2021-08-19 21:39:44] $resolution
INFO [2021-08-19 21:39:44] [1] 300
INFO [2021-08-19 21:39:44] 
INFO [2021-08-19 21:39:44] $fontfamily
INFO [2021-08-19 21:39:44] [1] "Helvetica"
INFO [2021-08-19 21:39:44] 
INFO [2021-08-19 21:39:44] $cat.fontfamily
INFO [2021-08-19 21:39:44] [1] "Helvetica"
INFO [2021-08-19 21:39:44] 
INFO [2021-08-19 21:39:44] $cex
INFO [2021-08-19 21:39:44] [1] 0.35
INFO [2021-08-19 21:39:44] 
INFO [2021-08-19 21:39:44] $cat.cex
INFO [2021-08-19 21:39:44] [1] 0.35
INFO [2021-08-19 21:39:44] 
