INFO [2021-08-19 21:43:45] [[1]]
INFO [2021-08-19 21:43:45] c3
INFO [2021-08-19 21:43:45] 
INFO [2021-08-19 21:43:45] $filename
INFO [2021-08-19 21:43:45] paste0(out, "_", cnames[3], ".png")
INFO [2021-08-19 21:43:45] 
INFO [2021-08-19 21:43:45] $height
INFO [2021-08-19 21:43:45] [1] 280
INFO [2021-08-19 21:43:45] 
INFO [2021-08-19 21:43:45] $width
INFO [2021-08-19 21:43:45] [1] 350
INFO [2021-08-19 21:43:45] 
INFO [2021-08-19 21:43:45] $margin
INFO [2021-08-19 21:43:45] [1] 0.05
INFO [2021-08-19 21:43:45] 
INFO [2021-08-19 21:43:45] $fill
INFO [2021-08-19 21:43:45] c(0)
INFO [2021-08-19 21:43:45] 
INFO [2021-08-19 21:43:45] $alpha
INFO [2021-08-19 21:43:45] [1] 0.4
INFO [2021-08-19 21:43:45] 
INFO [2021-08-19 21:43:45] $lwd
INFO [2021-08-19 21:43:45] [1] 0.5
INFO [2021-08-19 21:43:45] 
INFO [2021-08-19 21:43:45] $lty
INFO [2021-08-19 21:43:45] [1] 1
INFO [2021-08-19 21:43:45] 
INFO [2021-08-19 21:43:45] $resolution
INFO [2021-08-19 21:43:45] [1] 300
INFO [2021-08-19 21:43:45] 
INFO [2021-08-19 21:43:45] $fontfamily
INFO [2021-08-19 21:43:45] [1] "Helvetica"
INFO [2021-08-19 21:43:45] 
INFO [2021-08-19 21:43:45] $cat.fontfamily
INFO [2021-08-19 21:43:45] [1] "Helvetica"
INFO [2021-08-19 21:43:45] 
INFO [2021-08-19 21:43:45] $cex
INFO [2021-08-19 21:43:45] [1] 0.35
INFO [2021-08-19 21:43:45] 
INFO [2021-08-19 21:43:45] $cat.cex
INFO [2021-08-19 21:43:45] [1] 0.35
INFO [2021-08-19 21:43:45] 
