INFO [2021-08-19 21:43:49] [[1]]
INFO [2021-08-19 21:43:49] c7
INFO [2021-08-19 21:43:49] 
INFO [2021-08-19 21:43:49] $filename
INFO [2021-08-19 21:43:49] paste0(out, "_", cnames[7], ".png")
INFO [2021-08-19 21:43:49] 
INFO [2021-08-19 21:43:49] $height
INFO [2021-08-19 21:43:49] [1] 280
INFO [2021-08-19 21:43:49] 
INFO [2021-08-19 21:43:49] $width
INFO [2021-08-19 21:43:49] [1] 350
INFO [2021-08-19 21:43:49] 
INFO [2021-08-19 21:43:49] $margin
INFO [2021-08-19 21:43:49] [1] 0.05
INFO [2021-08-19 21:43:49] 
INFO [2021-08-19 21:43:49] $fill
INFO [2021-08-19 21:43:49] c(0)
INFO [2021-08-19 21:43:49] 
INFO [2021-08-19 21:43:49] $alpha
INFO [2021-08-19 21:43:49] [1] 0.4
INFO [2021-08-19 21:43:49] 
INFO [2021-08-19 21:43:49] $lwd
INFO [2021-08-19 21:43:49] [1] 0.5
INFO [2021-08-19 21:43:49] 
INFO [2021-08-19 21:43:49] $lty
INFO [2021-08-19 21:43:49] [1] 1
INFO [2021-08-19 21:43:49] 
INFO [2021-08-19 21:43:49] $resolution
INFO [2021-08-19 21:43:49] [1] 300
INFO [2021-08-19 21:43:49] 
INFO [2021-08-19 21:43:49] $fontfamily
INFO [2021-08-19 21:43:49] [1] "Helvetica"
INFO [2021-08-19 21:43:49] 
INFO [2021-08-19 21:43:49] $cat.fontfamily
INFO [2021-08-19 21:43:49] [1] "Helvetica"
INFO [2021-08-19 21:43:49] 
INFO [2021-08-19 21:43:49] $cex
INFO [2021-08-19 21:43:49] [1] 0.35
INFO [2021-08-19 21:43:49] 
INFO [2021-08-19 21:43:49] $cat.cex
INFO [2021-08-19 21:43:49] [1] 0.35
INFO [2021-08-19 21:43:49] 
