INFO [2021-08-19 21:43:50] [[1]]
INFO [2021-08-19 21:43:50] c8
INFO [2021-08-19 21:43:50] 
INFO [2021-08-19 21:43:50] $filename
INFO [2021-08-19 21:43:50] paste0(out, "_", cnames[8], ".png")
INFO [2021-08-19 21:43:50] 
INFO [2021-08-19 21:43:50] $height
INFO [2021-08-19 21:43:50] [1] 280
INFO [2021-08-19 21:43:50] 
INFO [2021-08-19 21:43:50] $width
INFO [2021-08-19 21:43:50] [1] 350
INFO [2021-08-19 21:43:50] 
INFO [2021-08-19 21:43:50] $margin
INFO [2021-08-19 21:43:50] [1] 0.05
INFO [2021-08-19 21:43:50] 
INFO [2021-08-19 21:43:50] $fill
INFO [2021-08-19 21:43:50] c(0)
INFO [2021-08-19 21:43:50] 
INFO [2021-08-19 21:43:50] $alpha
INFO [2021-08-19 21:43:50] [1] 0.4
INFO [2021-08-19 21:43:50] 
INFO [2021-08-19 21:43:50] $lwd
INFO [2021-08-19 21:43:50] [1] 0.5
INFO [2021-08-19 21:43:50] 
INFO [2021-08-19 21:43:50] $lty
INFO [2021-08-19 21:43:50] [1] 1
INFO [2021-08-19 21:43:50] 
INFO [2021-08-19 21:43:50] $resolution
INFO [2021-08-19 21:43:50] [1] 300
INFO [2021-08-19 21:43:50] 
INFO [2021-08-19 21:43:50] $fontfamily
INFO [2021-08-19 21:43:50] [1] "Helvetica"
INFO [2021-08-19 21:43:50] 
INFO [2021-08-19 21:43:50] $cat.fontfamily
INFO [2021-08-19 21:43:50] [1] "Helvetica"
INFO [2021-08-19 21:43:50] 
INFO [2021-08-19 21:43:50] $cex
INFO [2021-08-19 21:43:50] [1] 0.35
INFO [2021-08-19 21:43:50] 
INFO [2021-08-19 21:43:50] $cat.cex
INFO [2021-08-19 21:43:50] [1] 0.35
INFO [2021-08-19 21:43:50] 
