INFO [2021-08-19 21:43:34] [[1]]
INFO [2021-08-19 21:43:34] c2
INFO [2021-08-19 21:43:34] 
INFO [2021-08-19 21:43:34] $filename
INFO [2021-08-19 21:43:34] paste0(out, "_", cnames[2], ".png")
INFO [2021-08-19 21:43:34] 
INFO [2021-08-19 21:43:34] $height
INFO [2021-08-19 21:43:34] [1] 280
INFO [2021-08-19 21:43:34] 
INFO [2021-08-19 21:43:34] $width
INFO [2021-08-19 21:43:34] [1] 350
INFO [2021-08-19 21:43:34] 
INFO [2021-08-19 21:43:34] $margin
INFO [2021-08-19 21:43:34] [1] 0.05
INFO [2021-08-19 21:43:34] 
INFO [2021-08-19 21:43:34] $fill
INFO [2021-08-19 21:43:34] c(0)
INFO [2021-08-19 21:43:34] 
INFO [2021-08-19 21:43:34] $alpha
INFO [2021-08-19 21:43:34] [1] 0.4
INFO [2021-08-19 21:43:34] 
INFO [2021-08-19 21:43:34] $lwd
INFO [2021-08-19 21:43:34] [1] 0.5
INFO [2021-08-19 21:43:34] 
INFO [2021-08-19 21:43:34] $lty
INFO [2021-08-19 21:43:34] [1] 1
INFO [2021-08-19 21:43:34] 
INFO [2021-08-19 21:43:34] $resolution
INFO [2021-08-19 21:43:34] [1] 300
INFO [2021-08-19 21:43:34] 
INFO [2021-08-19 21:43:34] $fontfamily
INFO [2021-08-19 21:43:34] [1] "Helvetica"
INFO [2021-08-19 21:43:34] 
INFO [2021-08-19 21:43:34] $cat.fontfamily
INFO [2021-08-19 21:43:34] [1] "Helvetica"
INFO [2021-08-19 21:43:34] 
INFO [2021-08-19 21:43:34] $cex
INFO [2021-08-19 21:43:34] [1] 0.35
INFO [2021-08-19 21:43:34] 
INFO [2021-08-19 21:43:34] $cat.cex
INFO [2021-08-19 21:43:34] [1] 0.35
INFO [2021-08-19 21:43:34] 
