INFO [2021-08-19 21:43:48] [[1]]
INFO [2021-08-19 21:43:48] c6
INFO [2021-08-19 21:43:48] 
INFO [2021-08-19 21:43:48] $filename
INFO [2021-08-19 21:43:48] paste0(out, "_", cnames[6], ".png")
INFO [2021-08-19 21:43:48] 
INFO [2021-08-19 21:43:48] $height
INFO [2021-08-19 21:43:48] [1] 280
INFO [2021-08-19 21:43:48] 
INFO [2021-08-19 21:43:48] $width
INFO [2021-08-19 21:43:48] [1] 350
INFO [2021-08-19 21:43:48] 
INFO [2021-08-19 21:43:48] $margin
INFO [2021-08-19 21:43:48] [1] 0.05
INFO [2021-08-19 21:43:48] 
INFO [2021-08-19 21:43:48] $fill
INFO [2021-08-19 21:43:48] c(0)
INFO [2021-08-19 21:43:48] 
INFO [2021-08-19 21:43:48] $alpha
INFO [2021-08-19 21:43:48] [1] 0.4
INFO [2021-08-19 21:43:48] 
INFO [2021-08-19 21:43:48] $lwd
INFO [2021-08-19 21:43:48] [1] 0.5
INFO [2021-08-19 21:43:48] 
INFO [2021-08-19 21:43:48] $lty
INFO [2021-08-19 21:43:48] [1] 1
INFO [2021-08-19 21:43:48] 
INFO [2021-08-19 21:43:48] $resolution
INFO [2021-08-19 21:43:48] [1] 300
INFO [2021-08-19 21:43:48] 
INFO [2021-08-19 21:43:48] $fontfamily
INFO [2021-08-19 21:43:48] [1] "Helvetica"
INFO [2021-08-19 21:43:48] 
INFO [2021-08-19 21:43:48] $cat.fontfamily
INFO [2021-08-19 21:43:48] [1] "Helvetica"
INFO [2021-08-19 21:43:48] 
INFO [2021-08-19 21:43:48] $cex
INFO [2021-08-19 21:43:48] [1] 0.35
INFO [2021-08-19 21:43:48] 
INFO [2021-08-19 21:43:48] $cat.cex
INFO [2021-08-19 21:43:48] [1] 0.35
INFO [2021-08-19 21:43:48] 
