INFO [2021-08-19 21:43:46] [[1]]
INFO [2021-08-19 21:43:46] c4
INFO [2021-08-19 21:43:46] 
INFO [2021-08-19 21:43:46] $filename
INFO [2021-08-19 21:43:46] paste0(out, "_", cnames[4], ".png")
INFO [2021-08-19 21:43:46] 
INFO [2021-08-19 21:43:46] $height
INFO [2021-08-19 21:43:46] [1] 280
INFO [2021-08-19 21:43:46] 
INFO [2021-08-19 21:43:46] $width
INFO [2021-08-19 21:43:46] [1] 350
INFO [2021-08-19 21:43:46] 
INFO [2021-08-19 21:43:46] $margin
INFO [2021-08-19 21:43:46] [1] 0.05
INFO [2021-08-19 21:43:46] 
INFO [2021-08-19 21:43:46] $fill
INFO [2021-08-19 21:43:46] c(0)
INFO [2021-08-19 21:43:46] 
INFO [2021-08-19 21:43:46] $alpha
INFO [2021-08-19 21:43:46] [1] 0.4
INFO [2021-08-19 21:43:46] 
INFO [2021-08-19 21:43:46] $lwd
INFO [2021-08-19 21:43:46] [1] 0.5
INFO [2021-08-19 21:43:46] 
INFO [2021-08-19 21:43:46] $lty
INFO [2021-08-19 21:43:46] [1] 1
INFO [2021-08-19 21:43:46] 
INFO [2021-08-19 21:43:46] $resolution
INFO [2021-08-19 21:43:46] [1] 300
INFO [2021-08-19 21:43:46] 
INFO [2021-08-19 21:43:46] $fontfamily
INFO [2021-08-19 21:43:46] [1] "Helvetica"
INFO [2021-08-19 21:43:46] 
INFO [2021-08-19 21:43:46] $cat.fontfamily
INFO [2021-08-19 21:43:46] [1] "Helvetica"
INFO [2021-08-19 21:43:46] 
INFO [2021-08-19 21:43:46] $cex
INFO [2021-08-19 21:43:46] [1] 0.35
INFO [2021-08-19 21:43:46] 
INFO [2021-08-19 21:43:46] $cat.cex
INFO [2021-08-19 21:43:46] [1] 0.35
INFO [2021-08-19 21:43:46] 
